internal/modules/cjs/loader.js:883
  throw err;
  ^

Error: Cannot find module '@author.io/args'
Require stack:
- D:\Bravo\Other_Project\GetMailListener2\node_modules\node-windows\lib\wrapper.js
    at Function.Module._resolveFilename (internal/modules/cjs/loader.js:880:15)
    at Function.Module._load (internal/modules/cjs/loader.js:725:27)
    at Module.require (internal/modules/cjs/loader.js:952:19)
    at require (internal/modules/cjs/helpers.js:88:18)
    at Object.<anonymous> (D:\Bravo\Other_Project\GetMailListener2\node_modules\node-windows\lib\wrapper.js:3:12)
    at Module._compile (internal/modules/cjs/loader.js:1063:30)
    at Object.Module._extensions..js (internal/modules/cjs/loader.js:1092:10)
    at Module.load (internal/modules/cjs/loader.js:928:32)
    at Function.Module._load (internal/modules/cjs/loader.js:769:14)
    at Function.executeUserEntryPoint [as runMain] (internal/modules/run_main.js:72:12) {
  code: 'MODULE_NOT_FOUND',
  requireStack: [
    'D:\\Bravo\\Other_Project\\GetMailListener2\\node_modules\\node-windows\\lib\\wrapper.js'
  ]
}
internal/modules/cjs/loader.js:883
  throw err;
  ^

Error: Cannot find module '@author.io/args'
Require stack:
- D:\Bravo\Other_Project\GetMailListener2\node_modules\node-windows\lib\wrapper.js
    at Function.Module._resolveFilename (internal/modules/cjs/loader.js:880:15)
    at Function.Module._load (internal/modules/cjs/loader.js:725:27)
    at Module.require (internal/modules/cjs/loader.js:952:19)
    at require (internal/modules/cjs/helpers.js:88:18)
    at Object.<anonymous> (D:\Bravo\Other_Project\GetMailListener2\node_modules\node-windows\lib\wrapper.js:3:12)
    at Module._compile (internal/modules/cjs/loader.js:1063:30)
    at Object.Module._extensions..js (internal/modules/cjs/loader.js:1092:10)
    at Module.load (internal/modules/cjs/loader.js:928:32)
    at Function.Module._load (internal/modules/cjs/loader.js:769:14)
    at Function.executeUserEntryPoint [as runMain] (internal/modules/run_main.js:72:12) {
  code: 'MODULE_NOT_FOUND',
  requireStack: [
    'D:\\Bravo\\Other_Project\\GetMailListener2\\node_modules\\node-windows\\lib\\wrapper.js'
  ]
}
